AH00558: apache2: Could not reliably determine the server's fully qualified domain name, using 172.22.0.5. Set the 'ServerName' directive globally to suppress this message
[Sat Nov 02 17:02:36.100193 2019] [mpm_prefork:notice] [pid 1] AH00163: Apache/2.4.25 (Debian) PHP/7.3.11 configured -- resuming normal operations
[Sat Nov 02 17:02:36.100248 2019] [core:notice] [pid 1] AH00094: Command line: 'apache2 -D FOREGROUND'
[Sat Nov 02 17:02:48.591326 2019] [mpm_prefork:notice] [pid 1] AH00170: caught SIGWINCH, shutting down gracefully
AH00558: apache2: Could not reliably determine the server's fully qualified domain name, using 172.19.0.5. Set the 'ServerName' directive globally to suppress this message
[Fri Nov 15 08:55:18.115877 2019] [mpm_prefork:notice] [pid 1] AH00163: Apache/2.4.25 (Debian) PHP/7.3.11 configured -- resuming normal operations
[Fri Nov 15 08:55:18.115981 2019] [core:notice] [pid 1] AH00094: Command line: 'apache2 -D FOREGROUND'
AH00112: Warning: DocumentRoot [/var/www/web/] does not exist
AH00558: apache2: Could not reliably determine the server's fully qualified domain name, using 172.19.0.2. Set the 'ServerName' directive globally to suppress this message
[Fri Nov 15 09:31:10.702133 2019] [mpm_prefork:notice] [pid 1] AH00163: Apache/2.4.25 (Debian) PHP/7.3.11 configured -- resuming normal operations
[Fri Nov 15 09:31:10.715889 2019] [core:notice] [pid 1] AH00094: Command line: 'apache2 -D FOREGROUND'
[Fri Nov 15 09:39:32.323881 2019] [mpm_prefork:notice] [pid 1] AH00170: caught SIGWINCH, shutting down gracefully
AH00558: apache2: Could not reliably determine the server's fully qualified domain name, using 172.19.0.4. Set the 'ServerName' directive globally to suppress this message
[Fri Nov 15 09:39:46.849343 2019] [mpm_prefork:notice] [pid 1] AH00163: Apache/2.4.25 (Debian) PHP/7.3.11 configured -- resuming normal operations
[Fri Nov 15 09:39:46.849422 2019] [core:notice] [pid 1] AH00094: Command line: 'apache2 -D FOREGROUND'
[Fri Nov 15 09:43:29.880877 2019] [mpm_prefork:notice] [pid 1] AH00170: caught SIGWINCH, shutting down gracefully
AH00558: apache2: Could not reliably determine the server's fully qualified domain name, using 172.19.0.3. Set the 'ServerName' directive globally to suppress this message
[Fri Nov 15 09:43:53.061113 2019] [mpm_prefork:notice] [pid 1] AH00163: Apache/2.4.25 (Debian) PHP/7.3.11 configured -- resuming normal operations
[Fri Nov 15 09:43:53.073298 2019] [core:notice] [pid 1] AH00094: Command line: 'apache2 -D FOREGROUND'
[Fri Nov 15 12:17:48.169311 2019] [mpm_prefork:notice] [pid 1] AH00170: caught SIGWINCH, shutting down gracefully
AH00558: apache2: Could not reliably determine the server's fully qualified domain name, using 172.19.0.5. Set the 'ServerName' directive globally to suppress this message
[Fri Nov 15 12:18:09.122043 2019] [mpm_prefork:notice] [pid 1] AH00163: Apache/2.4.25 (Debian) PHP/7.3.11 configured -- resuming normal operations
[Fri Nov 15 12:18:09.122145 2019] [core:notice] [pid 1] AH00094: Command line: 'apache2 -D FOREGROUND'
AH00558: apache2: Could not reliably determine the server's fully qualified domain name, using 172.19.0.2. Set the 'ServerName' directive globally to suppress this message
[Fri Nov 15 19:33:52.473984 2019] [mpm_prefork:notice] [pid 1] AH00163: Apache/2.4.25 (Debian) PHP/7.3.11 configured -- resuming normal operations
[Fri Nov 15 19:33:52.478679 2019] [core:notice] [pid 1] AH00094: Command line: 'apache2 -D FOREGROUND'
AH00558: apache2: Could not reliably determine the server's fully qualified domain name, using 172.19.0.2. Set the 'ServerName' directive globally to suppress this message
[Sat Nov 16 19:47:15.721087 2019] [mpm_prefork:notice] [pid 1] AH00163: Apache/2.4.25 (Debian) PHP/7.3.11 configured -- resuming normal operations
[Sat Nov 16 19:47:15.721168 2019] [core:notice] [pid 1] AH00094: Command line: 'apache2 -D FOREGROUND'
AH00558: apache2: Could not reliably determine the server's fully qualified domain name, using 172.19.0.3. Set the 'ServerName' directive globally to suppress this message
[Sat Nov 16 21:33:13.970389 2019] [mpm_prefork:notice] [pid 1] AH00163: Apache/2.4.25 (Debian) PHP/7.3.11 configured -- resuming normal operations
[Sat Nov 16 21:33:13.970480 2019] [core:notice] [pid 1] AH00094: Command line: 'apache2 -D FOREGROUND'
